<?xml version="1.0" encoding="UTF-8"?>
<testsuite name="com.crud.tasks.service.SimpleEmailServiceTest" tests="1" skipped="0" failures="0" errors="0" timestamp="2020-03-18T17:12:22" hostname="MacBook-Pro-Sebastian.local" time="0.028">
  <properties/>
  <testcase name="shouldSendEmail" classname="com.crud.tasks.service.SimpleEmailServiceTest" time="0.028"/>
  <system-out><![CDATA[18:12:22.730 [Test worker] INFO org.springframework.mail.SimpleMailMessage - Starting email preparation...
Puste pole CC - nie został ustanowiony nowy odbiorca
18:12:22.744 [Test worker] INFO org.springframework.mail.SimpleMailMessage - Email has been sent.
]]></system-out>
  <system-err><![CDATA[]]></system-err>
</testsuite>
