<?xml version="1.0" encoding="UTF-8"?>
<testsuite name="com.crud.tasks.service.SimpleEmailServiceTest" tests="1" skipped="0" failures="0" errors="0" timestamp="2020-03-18T06:29:21" hostname="MacBook-Pro-Sebastian.local" time="0.008">
  <properties/>
  <testcase name="shouldSendEmail" classname="com.crud.tasks.service.SimpleEmailServiceTest" time="0.008"/>
  <system-out><![CDATA[2020-03-18 07:29:21.968  INFO 8662 --- [    Test worker] o.s.mail.SimpleMailMessage               : Starting email preparation...
Puste pole CC - nie został ustanowiony nowy odbiorca
2020-03-18 07:29:21.970  INFO 8662 --- [    Test worker] o.s.mail.SimpleMailMessage               : Email has been sent.
]]></system-out>
  <system-err><![CDATA[]]></system-err>
</testsuite>
